TN:
SF:E:\HTML\Angular\Librarys\Utility\projects\tools\src\test.ts
FNF:0
FNH:0
DA:19,1
DA:24,1
DA:26,1
LF:3
LH:3
BRF:0
BRH:0
end_of_record
TN:
SF:E:\HTML\Angular\Librarys\Utility\projects\tools\src\lib\arrays-tool\arrays-tool.ts
FN:2,(anonymous_0)
FN:4,(anonymous_1)
FN:19,(anonymous_2)
FN:23,(anonymous_3)
FN:27,(anonymous_4)
FN:33,(anonymous_5)
FN:40,(anonymous_6)
FN:41,(anonymous_7)
FN:44,(anonymous_8)
FN:48,(anonymous_9)
FNF:10
FNH:10
FNDA:8,(anonymous_0)
FNDA:6,(anonymous_1)
FNDA:1,(anonymous_2)
FNDA:1,(anonymous_3)
FNDA:1,(anonymous_4)
FNDA:1,(anonymous_5)
FNDA:1,(anonymous_6)
FNDA:5,(anonymous_7)
FNDA:2,(anonymous_8)
FNDA:1,(anonymous_9)
DA:5,6
DA:7,6
DA:8,1
DA:9,1
DA:12,5
DA:13,3
DA:15,2
DA:20,1
DA:24,1
DA:28,1
DA:29,1
DA:30,1
DA:34,1
DA:35,1
DA:36,1
DA:41,5
DA:45,2
DA:49,1
DA:54,1
DA:56,10
DA:57,10
DA:60,10
DA:61,10
DA:62,10
DA:65,1
LF:25
LH:25
BRDA:7,0,0,1
BRDA:7,0,1,5
BRDA:7,1,0,6
BRDA:7,1,1,5
BRDA:12,2,0,3
BRDA:12,2,1,2
BRF:6
BRH:6
end_of_record
TN:
SF:E:\HTML\Angular\Librarys\Utility\projects\tools\src\lib\download-tool\download-tool.ts
FN:3,(anonymous_0)
FN:6,(anonymous_1)
FNF:2
FNH:2
FNDA:2,(anonymous_0)
FNDA:3,(anonymous_1)
DA:2,2
DA:7,3
DA:8,1
DA:9,1
DA:10,2
DA:11,1
DA:12,1
DA:14,1
DA:17,1
DA:18,1
DA:19,1
DA:20,1
DA:21,1
LF:13
LH:13
BRDA:7,0,0,1
BRDA:7,0,1,2
BRDA:10,1,0,1
BRDA:10,1,1,1
BRF:4
BRH:4
end_of_record
TN:
SF:E:\HTML\Angular\Librarys\Utility\projects\tools\src\lib\html-tool\html-text-tool.ts
FN:68,(anonymous_0)
FN:75,(anonymous_1)
FN:91,(anonymous_2)
FN:121,(anonymous_3)
FN:125,(anonymous_4)
FN:132,(anonymous_5)
FN:136,(anonymous_6)
FN:144,(anonymous_7)
FN:154,(anonymous_8)
FN:167,(anonymous_9)
FN:177,(anonymous_10)
FN:192,(anonymous_11)
FN:202,(anonymous_12)
FN:215,(anonymous_13)
FN:237,(anonymous_14)
FNF:15
FNH:15
FNDA:15,(anonymous_0)
FNDA:2,(anonymous_1)
FNDA:3,(anonymous_2)
FNDA:6,(anonymous_3)
FNDA:1,(anonymous_4)
FNDA:1,(anonymous_5)
FNDA:1,(anonymous_6)
FNDA:1,(anonymous_7)
FNDA:2,(anonymous_8)
FNDA:1,(anonymous_9)
FNDA:2,(anonymous_10)
FNDA:1,(anonymous_11)
FNDA:1,(anonymous_12)
FNDA:2,(anonymous_13)
FNDA:1,(anonymous_14)
DA:5,1
DA:19,1
DA:25,1
DA:26,1
DA:27,1
DA:51,1
DA:61,1
DA:62,1
DA:64,1
DA:65,1
DA:69,15
DA:76,2
DA:77,1
DA:78,1
DA:81,1
DA:83,1
DA:85,1
DA:87,1
DA:88,1
DA:92,3
DA:93,1
DA:94,1
DA:96,2
DA:97,2
DA:98,6
DA:99,6
DA:100,6
DA:101,1
DA:102,1
DA:104,5
DA:109,5
DA:110,5
DA:112,5
DA:113,5
DA:115,5
DA:116,5
DA:118,1
DA:122,6
DA:126,1
DA:133,1
DA:137,1
DA:149,1
DA:150,1
DA:155,2
DA:172,1
DA:173,1
DA:174,1
DA:182,2
DA:183,1
DA:185,1
DA:186,1
DA:198,1
DA:199,1
DA:208,1
DA:209,1
DA:216,2
DA:217,2
DA:218,5
DA:223,5
DA:229,2
DA:230,1
DA:232,2
DA:243,1
DA:244,1
LF:64
LH:64
BRDA:76,0,0,1
BRDA:76,0,1,1
BRDA:92,1,0,1
BRDA:92,1,1,2
BRDA:100,2,0,1
BRDA:100,2,1,5
BRDA:100,3,0,6
BRDA:100,3,1,5
BRDA:100,3,2,5
BRDA:182,4,0,1
BRDA:182,4,1,1
BRDA:182,5,0,2
BRDA:182,5,1,1
BRDA:229,6,0,1
BRDA:229,6,1,1
BRF:15
BRH:15
end_of_record
TN:
SF:E:\HTML\Angular\Librarys\Utility\projects\tools\src\lib\remove-replace-option\remove-replace-option.ts
FN:6,(anonymous_0)
FN:10,(anonymous_1)
FN:23,(anonymous_2)
FN:46,(anonymous_3)
FNF:4
FNH:4
FNDA:19,(anonymous_0)
FNDA:1,(anonymous_1)
FNDA:12,(anonymous_2)
FNDA:3,(anonymous_3)
DA:7,19
DA:14,1
DA:16,1
DA:18,1
DA:20,1
DA:27,12
DA:28,12
DA:29,29
DA:30,29
DA:31,79
DA:36,79
DA:37,79
DA:38,1
DA:39,1
DA:43,11
DA:50,3
DA:51,3
DA:52,9
DA:53,9
DA:54,111
DA:60,111
DA:61,111
DA:62,1
DA:63,1
DA:67,3
LF:25
LH:25
BRDA:37,0,0,1
BRDA:37,0,1,78
BRDA:61,1,0,1
BRDA:61,1,1,110
BRF:4
BRH:4
end_of_record
TN:
SF:E:\HTML\Angular\Librarys\Utility\projects\tools\src\lib\text-tool\text-tool.ts
FN:6,(anonymous_0)
FN:11,(anonymous_1)
FN:31,(anonymous_2)
FN:44,(anonymous_3)
FN:62,(anonymous_4)
FN:75,(anonymous_5)
FN:92,(anonymous_6)
FN:113,(anonymous_7)
FN:126,(anonymous_8)
FN:138,(anonymous_9)
FNF:10
FNH:10
FNDA:29,(anonymous_0)
FNDA:5,(anonymous_1)
FNDA:200,(anonymous_2)
FNDA:4,(anonymous_3)
FNDA:2,(anonymous_4)
FNDA:2,(anonymous_5)
FNDA:7,(anonymous_6)
FNDA:2,(anonymous_7)
FNDA:11,(anonymous_8)
FNDA:121,(anonymous_9)
DA:4,29
DA:18,5
DA:20,5
DA:25,5
DA:37,200
DA:49,4
DA:50,1
DA:53,3
DA:55,3
DA:67,2
DA:68,2
DA:80,2
DA:81,2
DA:97,7
DA:98,7
DA:99,7
DA:103,7
DA:104,1
DA:106,6
DA:118,2
DA:119,2
DA:120,2
DA:131,11
DA:132,11
DA:133,8
DA:135,11
DA:145,121
DA:146,121
DA:147,121
DA:148,1
DA:150,120
DA:151,120
DA:152,120
DA:153,120
LF:34
LH:34
BRDA:21,0,0,5
BRDA:21,0,1,0
BRDA:49,1,0,1
BRDA:49,1,1,3
BRDA:49,2,0,4
BRDA:49,2,1,3
BRDA:69,3,0,1
BRDA:69,3,1,1
BRDA:82,4,0,1
BRDA:82,4,1,1
BRDA:103,5,0,1
BRDA:103,5,1,6
BRDA:103,6,0,7
BRDA:103,6,1,6
BRDA:121,7,0,1
BRDA:121,7,1,1
BRDA:120,8,0,2
BRDA:120,8,1,1
BRDA:147,9,0,1
BRDA:147,9,1,120
BRDA:147,10,0,121
BRDA:147,10,1,120
BRF:22
BRH:21
end_of_record
